ShowDanceActivity/proguard/seeds.txt
com.android.app.wumeiniang.BuildConfig
com.android.app.wumeiniang.BuildConfig: boolean DEBUG
com.android.app.wumeiniang.BuildConfig: BuildConfig()
com.android.app.wumeiniang.Manifest
com.android.app.wumeiniang.Manifest: Manifest()
com.android.app.wumeiniang.Manifest$permission
com.android.app.wumeiniang.Manifest$permission: java.lang.String FLASHLIGHT
com.android.app.wumeiniang.Manifest$permission: Manifest$permission()
com.android.app.wumeiniang.R
com.android.app.wumeiniang.R: R()
com.android.app.wumeiniang.R$anim
com.android.app.wumeiniang.R$anim: int camera_record_set
com.android.app.wumeiniang.R$anim: int dialog_enter
com.android.app.wumeiniang.R$anim: int dialog_exit
com.android.app.wumeiniang.R$anim: int dialog_tv_off
com.android.app.wumeiniang.R$anim: int dialog_tv_on
com.android.app.wumeiniang.R$anim: int gradually
com.android.app.wumeiniang.R$anim: int loading
com.android.app.wumeiniang.R$anim: int loading_frame
com.android.app.wumeiniang.R$anim: int loading_large_anim
com.android.app.wumeiniang.R$anim: int photo_dialog_in_anim
com.android.app.wumeiniang.R$anim: int photo_dialog_out_anim
com.android.app.wumeiniang.R$anim: int push_left_in
com.android.app.wumeiniang.R$anim: int push_left_out
com.android.app.wumeiniang.R$anim: int push_right_in
com.android.app.wumeiniang.R$anim: int push_right_out
com.android.app.wumeiniang.R$anim: int record
com.android.app.wumeiniang.R$anim: int record_focus
com.android.app.wumeiniang.R$anim: int slide_in_bottom
com.android.app.wumeiniang.R$anim: int slide_in_from_bottom
com.android.app.wumeiniang.R$anim: int slide_in_from_top
com.android.app.wumeiniang.R$anim: int slide_in_top
com.android.app.wumeiniang.R$anim: int slide_out_bottom
com.android.app.wumeiniang.R$anim: int slide_out_to_bottom
com.android.app.wumeiniang.R$anim: int slide_out_to_top
com.android.app.wumeiniang.R$anim: int slide_out_top
com.android.app.wumeiniang.R$anim: int umeng_socialize_fade_in
com.android.app.wumeiniang.R$array
com.android.app.wumeiniang.R$array: int city_array
com.android.app.wumeiniang.R$array: int emoji_code
com.android.app.wumeiniang.R$array: int emoji_code_file
com.android.app.wumeiniang.R$array: int theme_filter_order
com.android.app.wumeiniang.R$array: int theme_order
com.android.app.wumeiniang.R$array: int theme_version
com.android.app.wumeiniang.R$array: R$array()
com.android.app.wumeiniang.R$attr
com.android.app.wumeiniang.R$attr: int actualImageScaleType
com.android.app.wumeiniang.R$attr: int actualImageUri
com.android.app.wumeiniang.R$attr: int aspectHeight
com.android.app.wumeiniang.R$attr: int aspectWidth
com.android.app.wumeiniang.R$attr: int autoLoadMore
com.android.app.wumeiniang.R$attr: int autoRefresh
com.android.app.wumeiniang.R$attr: int backgroundImage
com.android.app.wumeiniang.R$attr: int border_color
com.android.app.wumeiniang.R$attr: int border_inside_color
com.android.app.wumeiniang.R$attr: int border_outside_color
com.android.app.wumeiniang.R$attr: int border_thickness
com.android.app.wumeiniang.R$attr: int border_width
com.android.app.wumeiniang.R$attr: int centered
com.android.app.wumeiniang.R$attr: int clipPadding
com.android.app.wumeiniang.R$attr: int displayPercentage
com.android.app.wumeiniang.R$attr: int fadeDelay
com.android.app.wumeiniang.R$attr: int fadeDuration
com.android.app.wumeiniang.R$attr: int fadeLength
com.android.app.wumeiniang.R$attr: int fades
com.android.app.wumeiniang.R$attr: int failureImage
com.android.app.wumeiniang.R$attr: int failureImageScaleType
com.android.app.wumeiniang.R$attr: int fillColor
com.android.app.wumeiniang.R$attr: int footerColor
com.android.app.wumeiniang.R$attr: int footerIndicatorHeight
com.android.app.wumeiniang.R$attr: int footerIndicatorStyle
com.android.app.wumeiniang.R$attr: int footerIndicatorUnderlinePadding
...
android.support.v4.view.AccessibilityDelegateCompat$AccessibilityDelegateIcsImpl$1
android.support.v4.view.AccessibilityDelegateCompat$AccessibilityDelegateIcsImpl$1: android.support.v4.view.AccessibilityDelegateCompat val$compat
android.support.v4.view.AccessibilityDelegateCompat$AccessibilityDelegateIcsImpl$1: android.support.v4.view.AccessibilityDelegateCompat$AccessibilityDelegateIcsImpl this$0
android.support.v4.view.AccessibilityDelegateCompat$AccessibilityDelegateIcsImpl$1: AccessibilityDelegateCompat$AccessibilityDelegateIcsImpl$1(android.support.v4.view.AccessibilityDelegateCompat$AccessibilityDelegateIcsImpl,android.support.v4.view.AccessibilityDelegateCompat)
android.support.v4.view.AccessibilityDelegateCompat$AccessibilityDelegateIcsImpl$1: boolean dispatchPopulateAccessibilityEvent(android.view.View,android.view.accessibility.AccessibilityEvent)
android.support.v4.view.AccessibilityDelegateCompat$AccessibilityDelegateIcsImpl$1: void onInitializeAccessibilityEvent(android.view.View,android.view.accessibility.AccessibilityEvent)
android.support.v4.view.AccessibilityDelegateCompat$AccessibilityDelegateIcsImpl$1: void onInitializeAccessibilityNodeInfo(android.view.View,java.lang.Object)
android.support.v4.view.AccessibilityDelegateCompat$AccessibilityDelegateIcsImpl$1: void onPopulateAccessibilityEvent(android.view.View,android.view.accessibility.AccessibilityEvent)
android.support.v4.view.AccessibilityDelegateCompat$AccessibilityDelegateImpl
android.support.v4.view.AccessibilityDelegateCompat$AccessibilityDelegateImpl: java.lang.Object newAccessiblityDelegateDefaultImpl()
android.support.v4.view.AccessibilityDelegateCompat$AccessibilityDelegateImpl: java.lang.Object newAccessiblityDelegateBridge(android.support.v4.view.AccessibilityDelegateCompat)
android.support.v4.view.AccessibilityDelegateCompat$AccessibilityDelegateImpl: boolean dispatchPopulateAccessibilityEvent(java.lang.Object,android.view.View,android.view.accessibility.AccessibilityEvent)
android.support.v4.view.AccessibilityDelegateCompat$AccessibilityDelegateImpl: void onInitializeAccessibilityEvent(java.lang.Object,android.view.View,android.view.accessibility.AccessibilityEvent)
android.support.v4.view.AccessibilityDelegateCompat$AccessibilityDelegateImpl: void onInitializeAccessibilityNodeInfo(java.lang.Object,android.view.View,android.support.v4.view.accessibility.AccessibilityNodeInfoCompat)
android.support.v4.view.AccessibilityDelegateCompat$AccessibilityDelegateImpl: void onPopulateAccessibilityEvent(java.lang.Object,android.view.View,android.view.accessibility.AccessibilityEvent)
android.support.v4.view.AccessibilityDelegateCompat$AccessibilityDelegateImpl: boolean onRequestSendAccessibilityEvent(java.lang.Object,android.view.ViewGroup,android.view.View,android.view.accessibility.AccessibilityEvent)
android.support.v4.view.AccessibilityDelegateCompat$AccessibilityDelegateJellyBeanImpl
android.support.v4.view.AccessibilityDelegateCompat$AccessibilityDelegateJellyBeanImpl: AccessibilityDelegateCompat$AccessibilityDelegateJellyBeanImpl()
android.support.v4.view.AccessibilityDelegateCompat$AccessibilityDelegateJellyBeanImpl: java.lang.Object newAccessiblityDelegateBridge(android.support.v4.view.AccessibilityDelegateCompat)
android.support.v4.view.AccessibilityDelegateCompat$AccessibilityDelegateJellyBeanImpl: android.support.v4.view.accessibility.AccessibilityNodeProviderCompat getAccessibilityNodeProvider(java.lang.Object,android.view.View)
android.support.v4.view.AccessibilityDelegateCompat$AccessibilityDelegateJellyBeanImpl: boolean performAccessibilityAction(java.lang.Object,android.view.View,int,android.os.Bundle)