ShowDanceActivity/proguard/mapping.txt
com.android.app.wumeiniang.BuildConfig -> com.android.app.wumeiniang.BuildConfig:
    boolean DEBUG -> DEBUG
com.android.app.wumeiniang.Manifest -> com.android.app.wumeiniang.Manifest:
com.android.app.wumeiniang.Manifest$permission -> com.android.app.wumeiniang.Manifest$permission:
    java.lang.String FLASHLIGHT -> FLASHLIGHT
com.android.app.wumeiniang.R -> com.android.app.wumeiniang.R:
com.android.app.wumeiniang.R$anim -> com.android.app.wumeiniang.R$anim:
    int camera_record_set -> camera_record_set
    int dialog_enter -> dialog_enter
    int dialog_exit -> dialog_exit
    int dialog_tv_off -> dialog_tv_off
    int dialog_tv_on -> dialog_tv_on
    int gradually -> gradually
    int loading -> loading
    int loading_frame -> loading_frame
    int loading_large_anim -> loading_large_anim
    int photo_dialog_in_anim -> photo_dialog_in_anim
    int photo_dialog_out_anim -> photo_dialog_out_anim
    int push_left_in -> push_left_in
    int push_left_out -> push_left_out
    int push_right_in -> push_right_in
    int push_right_out -> push_right_out
    int record -> record
    int record_focus -> record_focus
    int slide_in_bottom -> slide_in_bottom
    int slide_in_from_bottom -> slide_in_from_bottom
    int slide_in_from_top -> slide_in_from_top
    int slide_in_top -> slide_in_top
    int slide_out_bottom -> slide_out_bottom
    int slide_out_to_bottom -> slide_out_to_bottom
    int slide_out_to_top -> slide_out_to_top
    int slide_out_top -> slide_out_top
    int umeng_socialize_fade_in -> umeng_socialize_fade_in
    int umeng_socialize_fade_out -> umeng_socialize_fade_out
    int umeng_socialize_shareboard_animation_in -> umeng_socialize_shareboard_animation_in
    int umeng_socialize_shareboard_animation_out -> umeng_socialize_shareboard_animation_out
    int umeng_socialize_slide_in_from_bottom -> umeng_socialize_slide_in_from_bottom
com.android.app.wumeiniang.R$array -> com.android.app.wumeiniang.R$array:
    int city_array -> city_array
    int emoji_code -> emoji_code
    int emoji_code_file -> emoji_code_file
    int theme_filter_order -> theme_filter_order
    int theme_order -> theme_order
    int theme_version -> theme_version
com.android.app.wumeiniang.R$attr -> com.android.app.wumeiniang.R$attr:
    int actualImageScaleType -> actualImageScaleType
    int actualImageUri -> actualImageUri
    int aspectHeight -> aspectHeight
    int aspectWidth -> aspectWidth
    int autoLoadMore -> autoLoadMore
    int autoRefresh -> autoRefresh
    int backgroundImage -> backgroundImage
    int border_color -> border_color
    int border_inside_color -> border_inside_color
    int border_outside_color -> border_outside_color
    int border_thickness -> border_thickness
    int border_width -> border_width
    int centered -> centered
    int clipPadding -> clipPadding
    int displayPercentage -> displayPercentage
    int fadeDelay -> fadeDelay
    int fadeDuration -> fadeDuration
    int fadeLength -> fadeLength
    int fades -> fades
    int failureImage -> failureImage
    int failureImageScaleType -> failureImageScaleType
    int fillColor -> fillColor
    int footerColor -> footerColor
    int footerIndicatorHeight -> footerIndicatorHeight
    int footerIndicatorStyle -> footerIndicatorStyle
    int footerIndicatorUnderlinePadding -> footerIndicatorUnderlinePadding
    int footerLineHeight -> footerLineHeight
    int footerPadding -> footerPadding
    int gapWidth -> gapWidth
    int isHeightMatchParent -> isHeightMatchParent
    int isWidthMatchParent -> isWidthMatchParent
    int linePosition -> linePosition
    int lineWidth -> lineWidth
    int max -> max
...
org.codehaus.jackson.mrbean.BeanBuilder$TypeDescription -> org.codehaus.jackson.mrbean.BeanBuilder$TypeDescription:
    org.codehaus.jackson.org.objectweb.asm.Type _asmType -> _asmType
    org.codehaus.jackson.type.JavaType _jacksonType -> _jacksonType
    399:399:java.lang.Class getRawClass() -> getRawClass
    402:402:java.lang.String erasedSignature() -> erasedSignature
    406:406:java.lang.String genericSignature() -> genericSignature
    414:414:boolean hasGenerics() -> hasGenerics
    430:430:int getLoadOpcode() -> getLoadOpcode
    434:434:int getReturnOpcode() -> getReturnOpcode
    439:439:java.lang.String toString() -> toString
    451:461:org.codehaus.jackson.mrbean.BeanBuilder$TypeDescription moreSpecificType(org.codehaus.jackson.mrbean.BeanBuilder$TypeDescription,org.codehaus.jackson.mrbean.BeanBuilder$TypeDescription) -> moreSpecificType
org.codehaus.jackson.mrbean.BeanUtil -> org.codehaus.jackson.mrbean.BeanUtil:
    13:14:boolean isConcrete(java.lang.reflect.Member) -> isConcrete
    31:31:java.util.List findSuperTypes(java.lang.Class,java.lang.Class) -> findSuperTypes
    36:37:java.util.List findSuperTypes(java.lang.Class,java.lang.Class,java.util.List) -> findSuperTypes
    42:55:void _addSuperTypes(java.lang.Class,java.lang.Class,java.util.Collection,boolean) -> _addSuperTypes
org.codehaus.jackson.mrbean.package-info -> org.codehaus.jackson.mrbean.package-info:
org.codehaus.jackson.node.ArrayNode -> org.codehaus.jackson.node.ArrayNode:
    java.util.ArrayList _children -> _children
    26:26:org.codehaus.jackson.JsonToken asToken() -> asToken
    29:29:boolean isArray() -> isArray
    34:34:int size() -> size
    40:40:java.util.Iterator getElements() -> getElements
    46:49:org.codehaus.jackson.JsonNode get(int) -> get
    53:53:org.codehaus.jackson.JsonNode get(java.lang.String) -> get
    56:56:org.codehaus.jackson.JsonNode path(java.lang.String) -> path
    61:64:org.codehaus.jackson.JsonNode path(int) -> path
    77:89:void serialize(org.codehaus.jackson.JsonGenerator,org.codehaus.jackson.map.SerializerProvider) -> serialize
    100:108:org.codehaus.jackson.JsonNode findValue(java.lang.String) -> findValue
    114:119:java.util.List findValues(java.lang.String,java.util.List) -> findValues
    125:130:java.util.List findValuesAsText(java.lang.String,java.util.List) -> findValuesAsText
    136:144:org.codehaus.jackson.node.ObjectNode findParent(java.lang.String) -> findParent
    150:155:java.util.List findParents(java.lang.String,java.util.List) -> findParents
    177:180:org.codehaus.jackson.JsonNode set(int,org.codehaus.jackson.JsonNode) -> set
    185:189:void add(org.codehaus.jackson.JsonNode) -> add
    203:210:org.codehaus.jackson.JsonNode addAll(org.codehaus.jackson.node.ArrayNode) -> addAll
    224:232:org.codehaus.jackson.JsonNode addAll(java.util.Collection) -> addAll