ShowDanceActivity/proguard/usage.txt
com.lidroid.xutils.bitmap.core.BitmapDecoder:
    29:30:private BitmapDecoder()
    33:33:public static android.graphics.Bitmap decodeSampledBitmapFromResource(android.content.res.Resources,int,com.lidroid.xutils.bitmap.core.BitmapSize,android.graphics.Bitmap$Config)
    54:54:public static android.graphics.Bitmap decodeSampledBitmapFromFile(java.lang.String,com.lidroid.xutils.bitmap.core.BitmapSize,android.graphics.Bitmap$Config)
    117:117:public static android.graphics.Bitmap decodeResource(android.content.res.Resources,int)
    131:131:public static android.graphics.Bitmap decodeFile(java.lang.String)
com.lidroid.xutils.bitmap.core.BitmapSize:
    24:24:public com.lidroid.xutils.bitmap.core.BitmapSize scaleDown(int)
    31:31:public com.lidroid.xutils.bitmap.core.BitmapSize scale(float)
com.lidroid.xutils.cache.KeyExpiryMap:
    private static final long serialVersionUID
    private static final int DEFAULT_CONCURRENCY_LEVEL
    35:36:public KeyExpiryMap(int,float,int)
    43:44:public KeyExpiryMap(int)
com.lidroid.xutils.cache.LruDiskCache:
    static final java.lang.String JOURNAL_FILE
    static final java.lang.String JOURNAL_FILE_TEMP
    static final java.lang.String JOURNAL_FILE_BACKUP
    static final java.lang.String MAGIC
    static final java.lang.String VERSION
    static final long ANY_SEQUENCE_NUMBER
    private static final char CLEAN
    private static final char UPDATE
    private static final char DELETE
    private static final char READ
    private static final char EXPIRY_PREFIX
    544:544:public java.io.File getDirectory()
    552:552:public synchronized long getMaxSize()
    560:562:public synchronized void setMaxSize(long)
    570:570:public synchronized long size()
    734:734:private static java.lang.String inputStreamToString(java.io.InputStream)
    1036:1048:private static java.lang.String readFully(java.io.Reader)
    1216:1216:public com.lidroid.xutils.cache.FileNameGenerator getFileNameGenerator()
    517:517:static synthetic com.lidroid.xutils.cache.LruDiskCache$Editor access$5(com.lidroid.xutils.cache.LruDiskCache,java.lang.String,long)
    733:733:static synthetic java.lang.String access$6(java.io.InputStream)
com.lidroid.xutils.cache.LruDiskCache$Editor:
    821:821:public java.io.InputStream newInputStream(int)
    841:842:public java.lang.String getString(int)
    882:889:public void set(int,java.lang.String)
    914:920:public void abortUnlessCommitted()
com.lidroid.xutils.cache.LruDiskCache$Snapshot:
    759:759:public com.lidroid.xutils.cache.LruDiskCache$Editor edit()
    773:773:public java.lang.String getString(int)
    780:780:public long getLength(int)
com.lidroid.xutils.cache.LruDiskCache$StrictLineReader:
    private static final byte CR
    private static final byte LF
com.lidroid.xutils.cache.LruMemoryCache:
    128:128:public final java.lang.Object put(java.lang.Object,java.lang.Object)
    290:290:public final synchronized int size()
    299:299:public final synchronized int maxSize()
    306:306:public final synchronized int hitCount()
    314:314:public final synchronized int missCount()
    321:321:public final synchronized int createCount()
    328:328:public final synchronized int putCount()
    335:335:public final synchronized int evictionCount()
    343:343:public final synchronized java.util.Map snapshot()
com.lidroid.xutils.db.converter.ColumnConverterFactory:
    15:16:private ColumnConverterFactory()
    43:44:public static void registerColumnConverter(java.lang.Class,com.lidroid.xutils.db.converter.ColumnConverter)
com.lidroid.xutils.db.sqlite.CursorUtils:
    25:25:public CursorUtils()
    71:79:public static com.lidroid.xutils.db.table.DbModel getDbModel(android.database.Cursor)
com.lidroid.xutils.db.sqlite.CursorUtils$EntityTempCache:
    100:101:private CursorUtils$EntityTempCache()
com.lidroid.xutils.db.sqlite.CursorUtils$FindCacheSequence:
    83:84:private CursorUtils$FindCacheSequence()
com.lidroid.xutils.db.sqlite.DbModelSelector